<?xml version="1.0" encoding="UTF-8"?>
<!-- Generated by org.testng.reporters.JUnitXMLReporter -->
<testsuite ignored="0" hostname="sahil" failures="0" tests="4" name="Test" time="0.154" errors="0" timestamp="2021-11-25T01:03:22 IST">
  <testcase classname="testScripts.Test1" name="tc1" time="0.023"/>
  <testcase classname="testScripts.Test2" name="tc2" time="0.005"/>
  <testcase classname="testScripts.Test3" name="tc3" time="0.003"/>
  <testcase classname="testScripts.Test4" name="tc4" time="0.003"/>
</testsuite> <!-- Test -->
