<?xml version="1.0" encoding="UTF-8"?>
<testng-results ignored="0" total="4" passed="4" failed="0" skipped="0">
  <reporter-output>
    <line>
      <![CDATA[hello java]]>
    </line>
    <line>
      <![CDATA[hello selenium]]>
    </line>
    <line>
      <![CDATA[hello python]]>
    </line>
    <line>
      <![CDATA[hello appium]]>
    </line>
  </reporter-output>
  <suite started-at="2021-11-25T01:03:21 IST" name="Suite" finished-at="2021-11-25T01:03:22 IST" duration-ms="154">
    <groups>
    </groups>
    <test started-at="2021-11-25T01:03:21 IST" name="Test" finished-at="2021-11-25T01:03:22 IST" duration-ms="154">
      <class name="testScripts.Test4">
        <test-method signature="tc4()[pri:0, instance:testScripts.Test4@57cf54e1]" started-at="2021-11-25T01:03:22 IST" name="tc4" finished-at="2021-11-25T01:03:22 IST" duration-ms="3" status="PASS">
          <reporter-output>
            <line>
              <![CDATA[hello appium]]>
            </line>
          </reporter-output>
        </test-method> <!-- tc4 -->
      </class> <!-- testScripts.Test4 -->
      <class name="testScripts.Test2">
        <test-method signature="tc2()[pri:0, instance:testScripts.Test2@5a56cdac]" started-at="2021-11-25T01:03:22 IST" name="tc2" finished-at="2021-11-25T01:03:22 IST" duration-ms="5" status="PASS">
          <reporter-output>
            <line>
              <![CDATA[hello selenium]]>
            </line>
          </reporter-output>
        </test-method> <!-- tc2 -->
      </class> <!-- testScripts.Test2 -->
      <class name="testScripts.Test3">
        <test-method signature="tc3()[pri:0, instance:testScripts.Test3@7c711375]" started-at="2021-11-25T01:03:22 IST" name="tc3" finished-at="2021-11-25T01:03:22 IST" duration-ms="3" status="PASS">
          <reporter-output>
            <line>
              <![CDATA[hello python]]>
            </line>
          </reporter-output>
        </test-method> <!-- tc3 -->
      </class> <!-- testScripts.Test3 -->
      <class name="testScripts.Test1">
        <test-method signature="tc1()[pri:0, instance:testScripts.Test1@618425b5]" started-at="2021-11-25T01:03:21 IST" name="tc1" finished-at="2021-11-25T01:03:21 IST" duration-ms="23" status="PASS">
          <reporter-output>
            <line>
              <![CDATA[hello java]]>
            </line>
          </reporter-output>
        </test-method> <!-- tc1 -->
      </class> <!-- testScripts.Test1 -->
    </test> <!-- Test -->
  </suite> <!-- Suite -->
</testng-results>
